p/Snipaste_2020-12-06_18-48-21.png 1 0 0 40 42
p/Snipaste_2020-12-06_18-46-55.png 1 0 0 29 26
p/Snipaste_2020-12-06_18-45-52.png 1 0 0 40 45
p/Snipaste_2020-12-06_18-44-00.png 1 0 0 24 24
p/Snipaste_2020-12-06_17-25-22.png 1 0 0 87 85
p/Snipaste_2020-12-06_15-35-06.png 1 0 0 110 104
p/Snipaste_2020-12-05_23-49-40.png 1 0 0 28 26
p/Snipaste_2020-12-05_23-49-19.png 1 0 0 46 40
p/Snipaste_2020-12-04_20-29-46.png 1 0 0 42 40
p/Snipaste_2020-12-06_15-27-19.png 1 0 0 42 43
p/Snipaste_2020-12-04_20-28-38.png 1 0 0 41 44
p/Snipaste_2020-12-06_00-16-50.png 1 0 0 49 42
p/Snipaste_2020-12-05_22-25-35.png 1 0 0 43 38
p/Snipaste_2020-12-05_22-25-16.png 1 0 0 43 41
p/Snipaste_2020-12-05_15-56-08.png 1 0 0 48 47
p/Snipaste_2020-12-05_11-27-19.png 1 0 0 64 53
p/Snipaste_2020-12-05_11-22-57.png 1 0 0 44 38
p/Snipaste_2020-12-05_11-22-43.png 1 0 0 40 42
p/Snipaste_2020-12-04_20-31-23.png 1 0 0 128 118
p/Snipaste_2020-12-04_20-31-05.png 1 0 0 107 99
p/Snipaste_2020-12-04_20-30-37.png 1 0 0 105 97
p/Snipaste_2020-12-04_20-30-10.png 1 0 0 108 104
p/Snipaste_2020-12-04_20-29-25.png 1 0 0 85 72
p/Snipaste_2020-12-04_20-29-02.png 1 0 0 114 103
p/Snipaste_2020-12-04_20-27-51.png 1 0 0 112 101
p/Snipaste_2020-12-04_20-27-19.png 1 0 0 118 111
p/Snipaste_2020-12-03_21-59-20.png 1 0 0 91 83