p/Snipaste_2020-12-06_18-45-30.png 1 0 0 41 44
p/Snipaste_2020-12-06_17-26-05.png 1 0 0 87 84
p/Snipaste_2020-12-05_15-56-49.png 1 0 0 23 22
p/Snipaste_2020-12-04_20-21-58.png 1 0 0 23 23
p/Snipaste_2020-12-05_11-27-07.png 1 0 0 24 25
p/Snipaste_2020-12-05_15-57-58.png 1 0 0 63 59
p/Snipaste_2020-12-05_15-57-36.png 1 0 0 62 63
p/Snipaste_2020-12-05_15-57-27.png 1 0 0 63 58
p/Snipaste_2020-12-05_15-57-17.png 1 0 0 65 71
p/Snipaste_2020-12-05_11-26-13.png 1 0 0 24 25
p/Snipaste_2020-12-05_11-25-23.png 1 0 0 25 27
p/Snipaste_2020-12-05_11-24-59.png 1 0 0 28 26
p/Snipaste_2020-12-05_11-24-33.png 1 0 0 30 28
p/Snipaste_2020-12-05_11-22-34.png 1 0 0 47 39
p/Snipaste_2020-12-05_11-22-13.png 1 0 0 43 39
p/Snipaste_2020-12-05_11-22-00.png 1 0 0 42 40
p/Snipaste_2020-12-05_11-21-52.png 1 0 0 39 41
p/Snipaste_2020-12-05_11-21-41.png 1 0 0 40 42
p/Snipaste_2020-12-05_11-21-29.png 1 0 0 44 41
p/Snipaste_2020-12-05_11-21-16.png 1 0 0 42 42
p/Snipaste_2020-12-05_10-07-11.png 1 0 0 59 64
p/Snipaste_2020-12-04_20-25-27.png 1 0 0 44 39
p/Snipaste_2020-12-04_20-25-12.png 1 0 0 39 40
p/Snipaste_2020-12-04_20-24-43.png 1 0 0 77 80
p/Snipaste_2020-12-04_20-24-15.png 1 0 0 71 67
p/Snipaste_2020-12-04_20-23-57.png 1 0 0 66 58
p/Snipaste_2020-12-04_20-23-38.png 1 0 0 88 80
p/Snipaste_2020-12-04_20-22-50.png 1 0 0 71 63
p/Snipaste_2020-12-04_20-22-32.png 1 0 0 78 65
p/Snipaste_2020-12-03_22-07-28.png 1 0 0 49 43
p/Snipaste_2020-12-03_21-59-05.png 1 0 0 112 102
p/Snipaste_2020-12-03_21-54-32.png 1 0 0 99 102
p/Snipaste_2020-12-03_21-29-36.png 1 0 0 104 111